<?xml version="1.0" encoding="UTF-8"?>
<!-- Generated by org.testng.reporters.JUnitReportReporter -->
<testsuite hostname="Kanwar07" failures="0" tests="6" name="appiumdemotest.demo_native" time="35.118" errors="0" timestamp="2023-06-14T16:20:04 IST" skipped="5">
  <testcase classname="appiumdemotest.demo_native" name="switching_window" time="35.118"/>
  <system-out/>
  <testcase classname="appiumdemotest.demo_native" name="dragAnddrop">
    <skipped/>
  </testcase> <!-- dragAnddrop -->
  <system-out/>
  <testcase classname="appiumdemotest.demo_native" name="scroll">
    <skipped/>
  </testcase> <!-- scroll -->
  <system-out/>
  <testcase classname="appiumdemotest.demo_native" name="notifications">
    <skipped/>
  </testcase> <!-- notifications -->
  <system-out/>
  <testcase classname="appiumdemotest.demo_native" name="Tc1">
    <skipped/>
  </testcase> <!-- Tc1 -->
  <system-out/>
  <testcase classname="appiumdemotest.demo_native" name="swipActions">
    <skipped/>
  </testcase> <!-- swipActions -->
  <system-out/>
</testsuite> <!-- appiumdemotest.demo_native -->
